1746970794.507717 client started (266087): version 3.5a, socket /tmp/tmux-1000/default, protocol 8
1746970794.507779 on Linux 6.14.5-arch1-1 #1 SMP PREEMPT_DYNAMIC Sat, 03 May 2025 13:34:12 +0000
1746970794.507807 using libevent 2.1.12-stable poll
1746970794.507825 using ncurses 6.5 20240427
1746970794.507874 flags are 0x10010000
1746970794.507917 socket is /tmp/tmux-1000/default
1746970794.507950 trying connect
1746970794.508139 add peer 0x57ab37725380: 6 ((nil))
1746970794.509236 sending message 111 to peer 0x57ab37725380 (8 bytes)
1746970794.509284 sending message 111 to peer 0x57ab37725380 (8 bytes)
1746970794.509310 sending message 101 to peer 0x57ab37725380 (14 bytes)
1746970794.509335 sending message 109 to peer 0x57ab37725380 (4 bytes)
1746970794.509360 sending message 102 to peer 0x57ab37725380 (11 bytes)
1746970794.509385 sending message 108 to peer 0x57ab37725380 (28 bytes)
1746970794.509413 sending message 112 to peer 0x57ab37725380 (70 bytes)
1746970794.509434 sending message 112 to peer 0x57ab37725380 (5 bytes)
1746970794.509454 sending message 112 to peer 0x57ab37725380 (5 bytes)
1746970794.509474 sending message 112 to peer 0x57ab37725380 (6 bytes)
1746970794.509495 sending message 112 to peer 0x57ab37725380 (6 bytes)
1746970794.509515 sending message 112 to peer 0x57ab37725380 (11 bytes)
1746970794.509535 sending message 112 to peer 0x57ab37725380 (10 bytes)
1746970794.509556 sending message 112 to peer 0x57ab37725380 (13 bytes)
1746970794.509576 sending message 112 to peer 0x57ab37725380 (13 bytes)
1746970794.509597 sending message 112 to peer 0x57ab37725380 (18 bytes)
1746970794.509617 sending message 112 to peer 0x57ab37725380 (11 bytes)
1746970794.509638 sending message 112 to peer 0x57ab37725380 (10 bytes)
1746970794.509658 sending message 112 to peer 0x57ab37725380 (15 bytes)
1746970794.509678 sending message 112 to peer 0x57ab37725380 (21 bytes)
1746970794.509699 sending message 112 to peer 0x57ab37725380 (13 bytes)
1746970794.509719 sending message 112 to peer 0x57ab37725380 (7 bytes)
1746970794.509740 sending message 112 to peer 0x57ab37725380 (13 bytes)
1746970794.509760 sending message 112 to peer 0x57ab37725380 (7 bytes)
1746970794.509781 sending message 112 to peer 0x57ab37725380 (13 bytes)
1746970794.509801 sending message 112 to peer 0x57ab37725380 (9 bytes)
1746970794.509821 sending message 112 to peer 0x57ab37725380 (21 bytes)
1746970794.509842 sending message 112 to peer 0x57ab37725380 (13 bytes)
1746970794.509862 sending message 112 to peer 0x57ab37725380 (8 bytes)
1746970794.509883 sending message 112 to peer 0x57ab37725380 (12 bytes)
1746970794.509903 sending message 112 to peer 0x57ab37725380 (13 bytes)
1746970794.509923 sending message 112 to peer 0x57ab37725380 (9 bytes)
1746970794.509944 sending message 112 to peer 0x57ab37725380 (9 bytes)
1746970794.509964 sending message 112 to peer 0x57ab37725380 (12 bytes)
1746970794.509984 sending message 112 to peer 0x57ab37725380 (8 bytes)
1746970794.510004 sending message 112 to peer 0x57ab37725380 (8 bytes)
1746970794.510024 sending message 112 to peer 0x57ab37725380 (7 bytes)
1746970794.510045 sending message 112 to peer 0x57ab37725380 (7 bytes)
1746970794.510065 sending message 112 to peer 0x57ab37725380 (9 bytes)
1746970794.510085 sending message 112 to peer 0x57ab37725380 (13 bytes)
1746970794.510106 sending message 112 to peer 0x57ab37725380 (6 bytes)
1746970794.510126 sending message 112 to peer 0x57ab37725380 (9 bytes)
1746970794.510146 sending message 112 to peer 0x57ab37725380 (15 bytes)
1746970794.510238 sending message 112 to peer 0x57ab37725380 (13 bytes)
1746970794.510259 sending message 112 to peer 0x57ab37725380 (12 bytes)
1746970794.510280 sending message 112 to peer 0x57ab37725380 (8 bytes)
1746970794.510301 sending message 112 to peer 0x57ab37725380 (14 bytes)
1746970794.510321 sending message 112 to peer 0x57ab37725380 (11 bytes)
1746970794.510341 sending message 112 to peer 0x57ab37725380 (9 bytes)
1746970794.510361 sending message 112 to peer 0x57ab37725380 (10 bytes)
1746970794.510382 sending message 112 to peer 0x57ab37725380 (10 bytes)
1746970794.510425 sending message 112 to peer 0x57ab37725380 (10 bytes)
1746970794.510464 sending message 112 to peer 0x57ab37725380 (10 bytes)
1746970794.510487 sending message 112 to peer 0x57ab37725380 (11 bytes)
1746970794.510509 sending message 112 to peer 0x57ab37725380 (12 bytes)
1746970794.510531 sending message 112 to peer 0x57ab37725380 (12 bytes)
1746970794.510552 sending message 112 to peer 0x57ab37725380 (12 bytes)
1746970794.510574 sending message 112 to peer 0x57ab37725380 (12 bytes)
1746970794.510596 sending message 112 to peer 0x57ab37725380 (12 bytes)
1746970794.510618 sending message 112 to peer 0x57ab37725380 (11 bytes)
1746970794.510640 sending message 112 to peer 0x57ab37725380 (11 bytes)
1746970794.510662 sending message 112 to peer 0x57ab37725380 (12 bytes)
1746970794.510683 sending message 112 to peer 0x57ab37725380 (12 bytes)
1746970794.510705 sending message 112 to peer 0x57ab37725380 (12 bytes)
1746970794.510727 sending message 112 to peer 0x57ab37725380 (12 bytes)
1746970794.510748 sending message 112 to peer 0x57ab37725380 (12 bytes)
1746970794.510770 sending message 112 to peer 0x57ab37725380 (10 bytes)
1746970794.510791 sending message 112 to peer 0x57ab37725380 (12 bytes)
1746970794.510813 sending message 112 to peer 0x57ab37725380 (13 bytes)
1746970794.510835 sending message 112 to peer 0x57ab37725380 (13 bytes)
1746970794.510857 sending message 112 to peer 0x57ab37725380 (13 bytes)
1746970794.510879 sending message 112 to peer 0x57ab37725380 (13 bytes)
1746970794.510901 sending message 112 to peer 0x57ab37725380 (13 bytes)
1746970794.510922 sending message 112 to peer 0x57ab37725380 (8 bytes)
1746970794.510944 sending message 112 to peer 0x57ab37725380 (11 bytes)
1746970794.510966 sending message 112 to peer 0x57ab37725380 (11 bytes)
1746970794.510987 sending message 112 to peer 0x57ab37725380 (11 bytes)
1746970794.511009 sending message 112 to peer 0x57ab37725380 (12 bytes)
1746970794.511030 sending message 112 to peer 0x57ab37725380 (12 bytes)
1746970794.511052 sending message 112 to peer 0x57ab37725380 (12 bytes)
1746970794.511074 sending message 112 to peer 0x57ab37725380 (12 bytes)
1746970794.511096 sending message 112 to peer 0x57ab37725380 (13 bytes)
1746970794.511117 sending message 112 to peer 0x57ab37725380 (13 bytes)
1746970794.511139 sending message 112 to peer 0x57ab37725380 (13 bytes)
1746970794.511160 sending message 112 to peer 0x57ab37725380 (8 bytes)
1746970794.511198 sending message 112 to peer 0x57ab37725380 (13 bytes)
1746970794.511220 sending message 112 to peer 0x57ab37725380 (13 bytes)
1746970794.511242 sending message 112 to peer 0x57ab37725380 (13 bytes)
1746970794.511264 sending message 112 to peer 0x57ab37725380 (13 bytes)
1746970794.511285 sending message 112 to peer 0x57ab37725380 (13 bytes)
1746970794.511307 sending message 112 to peer 0x57ab37725380 (12 bytes)
1746970794.511329 sending message 112 to peer 0x57ab37725380 (12 bytes)
1746970794.511366 sending message 112 to peer 0x57ab37725380 (12 bytes)
1746970794.511389 sending message 112 to peer 0x57ab37725380 (12 bytes)
1746970794.511410 sending message 112 to peer 0x57ab37725380 (13 bytes)
1746970794.511432 sending message 112 to peer 0x57ab37725380 (8 bytes)
1746970794.511454 sending message 112 to peer 0x57ab37725380 (13 bytes)
1746970794.511475 sending message 112 to peer 0x57ab37725380 (13 bytes)
1746970794.511496 sending message 112 to peer 0x57ab37725380 (13 bytes)
1746970794.511518 sending message 112 to peer 0x57ab37725380 (13 bytes)
1746970794.511540 sending message 112 to peer 0x57ab37725380 (13 bytes)
1746970794.511562 sending message 112 to peer 0x57ab37725380 (13 bytes)
1746970794.511583 sending message 112 to peer 0x57ab37725380 (13 bytes)
1746970794.511605 sending message 112 to peer 0x57ab37725380 (12 bytes)
1746970794.511626 sending message 112 to peer 0x57ab37725380 (12 bytes)
1746970794.511648 sending message 112 to peer 0x57ab37725380 (12 bytes)
1746970794.511670 sending message 112 to peer 0x57ab37725380 (8 bytes)
1746970794.511691 sending message 112 to peer 0x57ab37725380 (12 bytes)
1746970794.511727 sending message 112 to peer 0x57ab37725380 (13 bytes)
1746970794.511756 sending message 112 to peer 0x57ab37725380 (13 bytes)
1746970794.511778 sending message 112 to peer 0x57ab37725380 (13 bytes)
1746970794.511800 sending message 112 to peer 0x57ab37725380 (13 bytes)
1746970794.511821 sending message 112 to peer 0x57ab37725380 (13 bytes)
1746970794.511843 sending message 112 to peer 0x57ab37725380 (13 bytes)
1746970794.511865 sending message 112 to peer 0x57ab37725380 (13 bytes)
1746970794.511887 sending message 112 to peer 0x57ab37725380 (13 bytes)
1746970794.511908 sending message 112 to peer 0x57ab37725380 (12 bytes)
1746970794.511930 sending message 112 to peer 0x57ab37725380 (10 bytes)
1746970794.511952 sending message 112 to peer 0x57ab37725380 (12 bytes)
1746970794.511973 sending message 112 to peer 0x57ab37725380 (12 bytes)
1746970794.511995 sending message 112 to peer 0x57ab37725380 (12 bytes)
1746970794.512017 sending message 112 to peer 0x57ab37725380 (13 bytes)
1746970794.512039 sending message 112 to peer 0x57ab37725380 (13 bytes)
1746970794.512060 sending message 112 to peer 0x57ab37725380 (13 bytes)
1746970794.512082 sending message 112 to peer 0x57ab37725380 (13 bytes)
1746970794.512104 sending message 112 to peer 0x57ab37725380 (13 bytes)
1746970794.512125 sending message 112 to peer 0x57ab37725380 (13 bytes)
1746970794.512147 sending message 112 to peer 0x57ab37725380 (13 bytes)
1746970794.512181 sending message 112 to peer 0x57ab37725380 (10 bytes)
1746970794.512203 sending message 112 to peer 0x57ab37725380 (13 bytes)
1746970794.512226 sending message 112 to peer 0x57ab37725380 (12 bytes)
1746970794.512247 sending message 112 to peer 0x57ab37725380 (12 bytes)
1746970794.512269 sending message 112 to peer 0x57ab37725380 (12 bytes)
1746970794.512290 sending message 112 to peer 0x57ab37725380 (10 bytes)
1746970794.512312 sending message 112 to peer 0x57ab37725380 (10 bytes)
1746970794.512333 sending message 112 to peer 0x57ab37725380 (10 bytes)
1746970794.512355 sending message 112 to peer 0x57ab37725380 (12 bytes)
1746970794.512376 sending message 112 to peer 0x57ab37725380 (13 bytes)
1746970794.512398 sending message 112 to peer 0x57ab37725380 (13 bytes)
1746970794.512420 sending message 112 to peer 0x57ab37725380 (13 bytes)
1746970794.512441 sending message 112 to peer 0x57ab37725380 (13 bytes)
1746970794.512463 sending message 112 to peer 0x57ab37725380 (13 bytes)
1746970794.512485 sending message 112 to peer 0x57ab37725380 (11 bytes)
1746970794.512507 sending message 112 to peer 0x57ab37725380 (11 bytes)
1746970794.512529 sending message 112 to peer 0x57ab37725380 (12 bytes)
1746970794.512550 sending message 112 to peer 0x57ab37725380 (12 bytes)
1746970794.512572 sending message 112 to peer 0x57ab37725380 (12 bytes)
1746970794.512594 sending message 112 to peer 0x57ab37725380 (12 bytes)
1746970794.512615 sending message 112 to peer 0x57ab37725380 (12 bytes)
1746970794.512637 sending message 112 to peer 0x57ab37725380 (11 bytes)
1746970794.512659 sending message 112 to peer 0x57ab37725380 (12 bytes)
1746970794.512681 sending message 112 to peer 0x57ab37725380 (12 bytes)
1746970794.512702 sending message 112 to peer 0x57ab37725380 (13 bytes)
1746970794.512724 sending message 112 to peer 0x57ab37725380 (13 bytes)
1746970794.512746 sending message 112 to peer 0x57ab37725380 (13 bytes)
1746970794.512767 sending message 112 to peer 0x57ab37725380 (13 bytes)
1746970794.512789 sending message 112 to peer 0x57ab37725380 (13 bytes)
1746970794.512811 sending message 112 to peer 0x57ab37725380 (10 bytes)
1746970794.512833 sending message 112 to peer 0x57ab37725380 (9 bytes)
1746970794.512854 sending message 112 to peer 0x57ab37725380 (12 bytes)
1746970794.512876 sending message 112 to peer 0x57ab37725380 (13 bytes)
1746970794.512898 sending message 112 to peer 0x57ab37725380 (13 bytes)
1746970794.512920 sending message 112 to peer 0x57ab37725380 (13 bytes)
1746970794.512941 sending message 112 to peer 0x57ab37725380 (13 bytes)
1746970794.512963 sending message 112 to peer 0x57ab37725380 (13 bytes)
1746970794.512998 sending message 112 to peer 0x57ab37725380 (9 bytes)
1746970794.513026 sending message 112 to peer 0x57ab37725380 (12 bytes)
1746970794.513049 sending message 112 to peer 0x57ab37725380 (13 bytes)
1746970794.513070 sending message 112 to peer 0x57ab37725380 (13 bytes)
1746970794.513092 sending message 112 to peer 0x57ab37725380 (13 bytes)
1746970794.513114 sending message 112 to peer 0x57ab37725380 (13 bytes)
1746970794.513135 sending message 112 to peer 0x57ab37725380 (13 bytes)
1746970794.513157 sending message 112 to peer 0x57ab37725380 (11 bytes)
1746970794.513193 sending message 112 to peer 0x57ab37725380 (12 bytes)
1746970794.513215 sending message 112 to peer 0x57ab37725380 (13 bytes)
1746970794.513237 sending message 112 to peer 0x57ab37725380 (13 bytes)
1746970794.513259 sending message 112 to peer 0x57ab37725380 (13 bytes)
1746970794.513281 sending message 112 to peer 0x57ab37725380 (13 bytes)
1746970794.513303 sending message 112 to peer 0x57ab37725380 (13 bytes)
1746970794.513324 sending message 112 to peer 0x57ab37725380 (11 bytes)
1746970794.513346 sending message 112 to peer 0x57ab37725380 (12 bytes)
1746970794.513368 sending message 112 to peer 0x57ab37725380 (12 bytes)
1746970794.513389 sending message 112 to peer 0x57ab37725380 (12 bytes)
1746970794.513411 sending message 112 to peer 0x57ab37725380 (12 bytes)
1746970794.513433 sending message 112 to peer 0x57ab37725380 (12 bytes)
1746970794.513455 sending message 112 to peer 0x57ab37725380 (21 bytes)
1746970794.513476 sending message 112 to peer 0x57ab37725380 (12 bytes)
1746970794.513498 sending message 112 to peer 0x57ab37725380 (9 bytes)
1746970794.513520 sending message 112 to peer 0x57ab37725380 (6 bytes)
1746970794.513541 sending message 112 to peer 0x57ab37725380 (13 bytes)
1746970794.513563 sending message 112 to peer 0x57ab37725380 (8 bytes)
1746970794.513584 sending message 112 to peer 0x57ab37725380 (15 bytes)
1746970794.513606 sending message 112 to peer 0x57ab37725380 (13 bytes)
1746970794.513628 sending message 112 to peer 0x57ab37725380 (9 bytes)
1746970794.513650 sending message 112 to peer 0x57ab37725380 (70 bytes)
1746970794.513672 sending message 112 to peer 0x57ab37725380 (69 bytes)
1746970794.513694 sending message 112 to peer 0x57ab37725380 (10 bytes)
1746970794.513716 sending message 112 to peer 0x57ab37725380 (10 bytes)
1746970794.513737 sending message 112 to peer 0x57ab37725380 (8 bytes)
1746970794.513759 sending message 112 to peer 0x57ab37725380 (15 bytes)
1746970794.513781 sending message 112 to peer 0x57ab37725380 (13 bytes)
1746970794.513803 sending message 112 to peer 0x57ab37725380 (10 bytes)
1746970794.513825 sending message 112 to peer 0x57ab37725380 (10 bytes)
1746970794.513847 sending message 112 to peer 0x57ab37725380 (17 bytes)
1746970794.513869 sending message 112 to peer 0x57ab37725380 (10 bytes)
1746970794.513891 sending message 112 to peer 0x57ab37725380 (13 bytes)
1746970794.513912 sending message 112 to peer 0x57ab37725380 (9 bytes)
1746970794.513934 sending message 112 to peer 0x57ab37725380 (5 bytes)
1746970794.513956 sending message 112 to peer 0x57ab37725380 (15 bytes)
1746970794.513980 sending message 104 to peer 0x57ab37725380 (0 bytes)
1746970794.514003 sending message 110 to peer 0x57ab37725380 (0 bytes)
1746970794.514027 sending message 107 to peer 0x57ab37725380 (4 bytes)
1746970794.514049 sending message 105 to peer 0x57ab37725380 (16 bytes)
1746970794.514071 sending message 105 to peer 0x57ab37725380 (18 bytes)
1746970794.514093 sending message 105 to peer 0x57ab37725380 (20 bytes)
1746970794.514115 sending message 105 to peer 0x57ab37725380 (58 bytes)
1746970794.514137 sending message 105 to peer 0x57ab37725380 (26 bytes)
1746970794.514159 sending message 105 to peer 0x57ab37725380 (37 bytes)
1746970794.514193 sending message 105 to peer 0x57ab37725380 (41 bytes)
1746970794.514215 sending message 105 to peer 0x57ab37725380 (23 bytes)
1746970794.514237 sending message 105 to peer 0x57ab37725380 (20 bytes)
1746970794.514259 sending message 105 to peer 0x57ab37725380 (19 bytes)
1746970794.514296 sending message 105 to peer 0x57ab37725380 (24 bytes)
1746970794.514324 sending message 105 to peer 0x57ab37725380 (17 bytes)
1746970794.514346 sending message 105 to peer 0x57ab37725380 (12 bytes)
1746970794.514368 sending message 105 to peer 0x57ab37725380 (32 bytes)
1746970794.514390 sending message 105 to peer 0x57ab37725380 (15 bytes)
1746970794.514411 sending message 105 to peer 0x57ab37725380 (32 bytes)
1746970794.514433 sending message 105 to peer 0x57ab37725380 (23 bytes)
1746970794.514454 sending message 105 to peer 0x57ab37725380 (17 bytes)
1746970794.514476 sending message 105 to peer 0x57ab37725380 (21 bytes)
1746970794.514498 sending message 105 to peer 0x57ab37725380 (38 bytes)
1746970794.514519 sending message 105 to peer 0x57ab37725380 (58 bytes)
1746970794.514541 sending message 105 to peer 0x57ab37725380 (60 bytes)
1746970794.514563 sending message 105 to peer 0x57ab37725380 (25 bytes)
1746970794.514585 sending message 105 to peer 0x57ab37725380 (52 bytes)
1746970794.514607 sending message 105 to peer 0x57ab37725380 (15 bytes)
1746970794.514629 sending message 105 to peer 0x57ab37725380 (20 bytes)
1746970794.514651 sending message 105 to peer 0x57ab37725380 (21 bytes)
1746970794.514673 sending message 105 to peer 0x57ab37725380 (17 bytes)
1746970794.514695 sending message 105 to peer 0x57ab37725380 (23 bytes)
1746970794.514716 sending message 105 to peer 0x57ab37725380 (20 bytes)
1746970794.514738 sending message 105 to peer 0x57ab37725380 (18 bytes)
1746970794.514760 sending message 105 to peer 0x57ab37725380 (52 bytes)
1746970794.514782 sending message 105 to peer 0x57ab37725380 (38 bytes)
1746970794.514804 sending message 105 to peer 0x57ab37725380 (23 bytes)
1746970794.514826 sending message 105 to peer 0x57ab37725380 (33 bytes)
1746970794.514848 sending message 105 to peer 0x57ab37725380 (19 bytes)
1746970794.514870 sending message 105 to peer 0x57ab37725380 (30 bytes)
1746970794.514892 sending message 105 to peer 0x57ab37725380 (14 bytes)
1746970794.514913 sending message 105 to peer 0x57ab37725380 (13 bytes)
1746970794.514935 sending message 105 to peer 0x57ab37725380 (11 bytes)
1746970794.514957 sending message 105 to peer 0x57ab37725380 (8 bytes)
1746970794.514979 sending message 105 to peer 0x57ab37725380 (25 bytes)
1746970794.515001 sending message 105 to peer 0x57ab37725380 (27 bytes)
1746970794.515022 sending message 105 to peer 0x57ab37725380 (11 bytes)
1746970794.515044 sending message 105 to peer 0x57ab37725380 (17 bytes)
1746970794.515066 sending message 105 to peer 0x57ab37725380 (31 bytes)
1746970794.515088 sending message 105 to peer 0x57ab37725380 (50 bytes)
1746970794.515110 sending message 105 to peer 0x57ab37725380 (20 bytes)
1746970794.515131 sending message 105 to peer 0x57ab37725380 (30 bytes)
1746970794.515153 sending message 105 to peer 0x57ab37725380 (16 bytes)
1746970794.515186 sending message 105 to peer 0x57ab37725380 (153 bytes)
1746970794.515208 sending message 105 to peer 0x57ab37725380 (14 bytes)
1746970794.515230 sending message 105 to peer 0x57ab37725380 (54 bytes)
1746970794.515347 sending message 105 to peer 0x57ab37725380 (77 bytes)
1746970794.515374 sending message 105 to peer 0x57ab37725380 (30 bytes)
1746970794.515398 sending message 105 to peer 0x57ab37725380 (38 bytes)
1746970794.515423 sending message 105 to peer 0x57ab37725380 (23 bytes)
1746970794.515448 sending message 105 to peer 0x57ab37725380 (36 bytes)
1746970794.515473 sending message 105 to peer 0x57ab37725380 (18 bytes)
1746970794.515498 sending message 105 to peer 0x57ab37725380 (16 bytes)
1746970794.515523 sending message 106 to peer 0x57ab37725380 (0 bytes)
1746970794.515683 sending message 200 to peer 0x57ab37725380 (4 bytes)
1746970794.515709 client loop enter
1746970794.522454 peer 0x57ab37725380 message 303
1746970794.522496 open write file 2 -
1746970794.522529 sending message 305 to peer 0x57ab37725380 (8 bytes)
1746970794.522567 write check file 2
1746970794.522888 peer 0x57ab37725380 message 304
1746970794.522914 write 58 to file 2
1746970794.522939 peer 0x57ab37725380 message 203
1746970794.522982 file 2 58 bytes left
1746970794.523046 write check file 2
1746970794.523067 client loop exit
